2023-02-27T03:24:14+00:00 ERROR GET Request: https://api.pinterest.com/ads/v4/advertisers/countries
Status Code: 1
API response: cURL error 35: OpenSSL SSL_connect: Connection reset by peer in connection to api.pinterest.com:443 
2023-02-27T10:00:38+00:00 ERROR GET Request: https://api.pinterest.com/ads/v4/advertisers/countries
Status Code: 401
API response: Reconnect to your Pinterest account
2023-02-27T11:38:11+00:00 ERROR GET Request: https://api.pinterest.com/ads/v4/advertisers/countries
Status Code: 1
API response: cURL error 35: OpenSSL SSL_connect: Connection reset by peer in connection to api.pinterest.com:443 
2023-02-27T11:41:55+00:00 ERROR GET Request: https://api.pinterest.com/ads/v4/advertisers/countries
Status Code: 1
API response: cURL error 35: OpenSSL SSL_connect: Connection reset by peer in connection to api.pinterest.com:443 
2023-02-27T11:42:57+00:00 ERROR GET Request: https://api.pinterest.com/ads/v4/advertisers/countries
Status Code: 1
API response: cURL error 35: OpenSSL SSL_connect: Connection reset by peer in connection to api.pinterest.com:443 
2023-02-27T13:58:16+00:00 ERROR GET Request: https://api.pinterest.com/ads/v4/advertisers/countries
Status Code: 1
API response: cURL error 28: Failed to connect to api.pinterest.com port 443 after 5360 ms: Operation timed out
2023-02-27T13:58:20+00:00 ERROR GET Request: https://api.pinterest.com/ads/v4/advertisers/countries
Status Code: 1
API response: cURL error 28: Failed to connect to api.pinterest.com port 443 after 5289 ms: Operation timed out
